============================= test session starts ==============================
platform linux -- Python 3.11.15, pytest-9.1.1, pluggy-1.6.0
rootdir: /home/user/-PIOS/backend
configfile: pyproject.toml
plugins: anyio-4.14.2
collected 9 items

tests/test_fresh_install_bootstrap.py .........                          [100%]

=============================== warnings summary ===============================
../../../../tmp/claude-0/-home-user--PIOS/b37363dd-5bb0-5440-9f1f-7dabfc6e2623/scratchpad/venv21/lib/python3.11/site-packages/fastapi/testclient.py:1
  /tmp/claude-0/-home-user--PIOS/b37363dd-5bb0-5440-9f1f-7dabfc6e2623/scratchpad/venv21/lib/python3.11/site-packages/fastapi/testclient.py:1: StarletteDeprecationWarning: Using `httpx` with `starlette.testclient` is deprecated; install `httpx2` instead.
    from starlette.testclient import TestClient as TestClient  # noqa

-- Docs: https://docs.pytest.org/en/stable/how-to/capture-warnings.html
- generated xml file: /tmp/claude-0/-home-user--PIOS/b37363dd-5bb0-5440-9f1f-7dabfc6e2623/scratchpad/runtime_validation/junit_fresh_install_bootstrap.xml -
=================== 9 passed, 1 warning in 89.67s (0:01:29) ====================
