<?xml version="1.0" encoding="utf-8"?><testsuites name="pytest tests"><testsuite name="pytest" errors="0" failures="0" skipped="0" tests="9" time="89.668" timestamp="2026-08-02T05:59:10.336459+00:00" hostname="vm"><testcase classname="tests.test_fresh_install_bootstrap" name="test_fresh_install_script_exists_and_uses_on_error_stop" time="0.665" /><testcase classname="tests.test_fresh_install_bootstrap" name="test_fresh_install_script_checks_emptiness_before_writing" time="0.675" /><testcase classname="tests.test_fresh_install_bootstrap" name="test_schema_and_seed_checksums_are_internally_consistent" time="0.695" /><testcase classname="tests.test_fresh_install_bootstrap" name="test_verify_post_import_uses_corrected_catalog_definitions" time="0.677" /><testcase classname="tests.test_fresh_install_bootstrap" name="test_alembic_stamp_happens_only_after_verification_in_script_order" time="0.770" /><testcase classname="tests.test_fresh_install_bootstrap" name="test_historical_migrations_are_unmodified" time="0.683" /><testcase classname="tests.test_fresh_install_bootstrap" name="test_migration_policy_document_exists_and_names_the_known_gap" time="0.655" /><testcase classname="tests.test_fresh_install_bootstrap" name="test_fresh_install_succeeds_and_runs_81_of_81_tests" time="83.607" /><testcase classname="tests.test_fresh_install_bootstrap" name="test_fresh_install_rejects_a_non_empty_database" time="1.193" /></testsuite></testsuites>