<?xml version="1.0" encoding="utf-8"?><testsuites name="pytest tests"><testsuite name="pytest" errors="0" failures="0" skipped="0" tests="70" time="28.568" timestamp="2026-08-01T19:23:18.640967+00:00" hostname="c9226f270a74"><testcase classname="tests.test_capa_readiness_integration" name="test_finding_acknowledge_and_workspace" time="0.433" /><testcase classname="tests.test_capa_readiness_integration" name="test_capa_submission_gate_requires_root_cause_and_action" time="0.352" /><testcase classname="tests.test_capa_readiness_integration" name="test_full_capa_effectiveness_and_closure" time="0.565" /><testcase classname="tests.test_capa_readiness_integration" name="test_cannot_close_before_effectiveness" time="0.352" /><testcase classname="tests.test_capa_readiness_integration" name="test_failed_effectiveness_reopens_finding_and_capa" time="0.360" /><testcase classname="tests.test_capa_readiness_integration" name="test_esr_manual_finding_is_forced_to_p0" time="0.343" /><testcase classname="tests.test_capa_readiness_integration" name="test_non_verifier_cannot_approve_or_close" time="0.345" /><testcase classname="tests.test_capa_readiness_integration" name="test_overdue_capa_queue" time="0.344" /><testcase classname="tests.test_capa_readiness_integration" name="test_readiness_snapshot_counts_and_critical_gate" time="0.421" /><testcase classname="tests.test_capa_readiness_integration" name="test_not_applicable_excludes_denominator_and_cannot_bypass_finding" time="0.367" /><testcase classname="tests.test_capa_readiness_integration" name="test_snapshot_detail_has_266_items" time="0.351" /><testcase classname="tests.test_documents_integration" name="test_document_version_and_lifecycle" time="0.350" /><testcase classname="tests.test_documents_integration" name="test_invalid_document_transition_is_rejected" time="0.333" /><testcase classname="tests.test_documents_integration" name="test_document_write_rbac" time="0.326" /><testcase classname="tests.test_evidence_workflow_integration" name="test_campaign_request_item_upload_submit_accept" time="0.369" /><testcase classname="tests.test_evidence_workflow_integration" name="test_rejected_esr_review_creates_p0_finding" time="0.366" /><testcase classname="tests.test_evidence_workflow_integration" name="test_accepted_verdict_rejects_failed_test" time="0.356" /><testcase classname="tests.test_evidence_workflow_integration" name="test_submission_requires_file_or_structured_content" time="0.352" /><testcase classname="tests.test_evidence_workflow_integration" name="test_file_controls_mime_duplicate_and_eicar" time="0.358" /><testcase classname="tests.test_evidence_workflow_integration" name="test_campaign_lifecycle_and_request_uniqueness" time="0.346" /><testcase classname="tests.test_evidence_workflow_integration" name="test_me_workspace_reflects_collection_started" time="0.340" /><testcase classname="tests.test_evidence_workflow_integration" name="test_overdue_filter" time="0.346" /><testcase classname="tests.test_health" name="test_health_and_readiness" time="0.334" /><testcase classname="tests.test_imports_integration" name="test_import_commit_is_idempotent" time="0.628" /><testcase classname="tests.test_oidc_security" name="test_offline_oidc_jwks_verification" time="0.380" /><testcase classname="tests.test_postgres_ddl" name="test_all_tables_compile_for_postgresql" time="0.352" /><testcase classname="tests.test_registry_integration" name="test_seeded_registry_and_workspace" time="0.363" /><testcase classname="tests.test_seed_validation" name="test_baseline_counts_and_esr" time="0.326" /><testcase classname="tests.test_sprint10_production_governance" name="test_release_is_blocked_until_security_and_provenance_are_complete" time="0.349" /><testcase classname="tests.test_sprint10_production_governance" name="test_complete_release_requires_human_approval_before_publish" time="0.481" /><testcase classname="tests.test_sprint10_production_governance" name="test_invalid_hash_is_rejected_and_artifact_is_idempotent" time="0.350" /><testcase classname="tests.test_sprint10_production_governance" name="test_audit_export_verifies_and_legal_hold_blocks_purge_preview" time="0.363" /><testcase classname="tests.test_sprint11_intelligence_to_action" name="test_action_plan_requires_human_review_and_recorded_adoption" time="0.445" /><testcase classname="tests.test_sprint11_intelligence_to_action" name="test_plan_lifecycle_requires_tasks_approval_and_independent_completion_review" time="0.448" /><testcase classname="tests.test_sprint11_intelligence_to_action" name="test_finding_and_capa_require_separate_explicit_conversion_actions" time="0.450" /><testcase classname="tests.test_sprint11_intelligence_to_action" name="test_review_session_cannot_close_with_pending_decisions" time="0.651" /><testcase classname="tests.test_sprint11_intelligence_to_action" name="test_action_dashboard_exposes_guardrail" time="0.340" /><testcase classname="tests.test_sprint12_committee_governance" name="test_committee_activation_requires_verified_quorum" time="0.370" /><testcase classname="tests.test_sprint12_committee_governance" name="test_governed_session_requires_quorum_conflicts_and_authorized_actor" time="0.499" /><testcase classname="tests.test_sprint12_committee_governance" name="test_unresolved_conflict_blocks_session_until_formal_resolution" time="0.465" /><testcase classname="tests.test_sprint12_committee_governance" name="test_decision_quality_review_and_sla_metrics_are_human_governed" time="0.534" /><testcase classname="tests.test_sprint12_committee_governance" name="test_metrics_and_governance_do_not_create_findings_or_capas" time="0.454" /><testcase classname="tests.test_sprint13_institutional_pilot" name="test_identity_subject_is_hashed_and_not_returned" time="0.431" /><testcase classname="tests.test_sprint13_institutional_pilot" name="test_institutional_mode_rejects_insecure_issuer_and_patient_identifiers" time="0.357" /><testcase classname="tests.test_sprint13_institutional_pilot" name="test_pilot_completion_requires_quality_and_measured_outcome" time="0.425" /><testcase classname="tests.test_sprint13_institutional_pilot" name="test_report_requires_human_approval_and_never_creates_findings_or_capas" time="0.435" /><testcase classname="tests.test_sprint13_institutional_pilot" name="test_feedback_privacy_and_dashboard_guardrail" time="0.386" /><testcase classname="tests.test_sprint4_portal_integration" name="test_dashboard_and_worklist" time="0.357" /><testcase classname="tests.test_sprint4_portal_integration" name="test_notifications_refresh_and_update" time="0.347" /><testcase classname="tests.test_sprint4_portal_integration" name="test_exports_readiness_and_executive_pack" time="0.376" /><testcase classname="tests.test_sprint4_portal_integration" name="test_identity_dev_token" time="0.335" /><testcase classname="tests.test_sprint5_pilot_integration" name="test_pilot_create_gates_and_p0_bootstrap_are_idempotent" time="0.375" /><testcase classname="tests.test_sprint5_pilot_integration" name="test_participant_provisioning_covers_required_roles" time="0.395" /><testcase classname="tests.test_sprint5_pilot_integration" name="test_go_decision_blocked_then_passes_after_gates_and_uat" time="0.586" /><testcase classname="tests.test_sprint5_pilot_integration" name="test_lifecycle_requires_readiness_and_supports_completion" time="0.512" /><testcase classname="tests.test_sprint6_deployment_acceptance" name="test_environment_and_automated_acceptance_are_idempotent" time="0.365" /><testcase classname="tests.test_sprint6_deployment_acceptance" name="test_production_like_environment_blocks_unsafe_config" time="0.358" /><testcase classname="tests.test_sprint6_deployment_acceptance" name="test_backup_oidc_records_and_manual_check_updates" time="0.385" /><testcase classname="tests.test_sprint6_deployment_acceptance" name="test_linked_ready_pilot_passes_pilot_automated_checks" time="0.558" /><testcase classname="tests.test_sprint7_operations_cutover" name="test_slo_bootstrap_measurement_and_automatic_incident" time="0.363" /><testcase classname="tests.test_sprint7_operations_cutover" name="test_incident_lifecycle_requires_root_cause_for_closure" time="0.612" /><testcase classname="tests.test_sprint7_operations_cutover" name="test_cutover_blocks_on_incident_and_allows_go_after_closure" time="0.667" /><testcase classname="tests.test_sprint7_operations_cutover" name="test_operational_baseline_can_publish_but_evidence_ready_claim_is_blocked" time="0.378" /><testcase classname="tests.test_sprint7_operations_cutover" name="test_command_center_returns_cutover_incident_slo_and_baseline_sections" time="0.362" /><testcase classname="tests.test_sprint8_continuous_assurance" name="test_bootstrap_cycle_failure_finding_and_close" time="0.637" /><testcase classname="tests.test_sprint8_continuous_assurance" name="test_data_quality_detects_missing_controls_then_overdue_control" time="0.385" /><testcase classname="tests.test_sprint8_continuous_assurance" name="test_cluster_rollout_wave_gate" time="0.358" /><testcase classname="tests.test_sprint9_intelligence_ai_governance" name="test_risk_run_has_266_items_and_surfaces_esr_p0" time="0.360" /><testcase classname="tests.test_sprint9_intelligence_ai_governance" name="test_ai_recommendations_are_human_governed" time="0.367" /><testcase classname="tests.test_sprint9_intelligence_ai_governance" name="test_portfolio_snapshot_contains_active_site" time="0.356" /></testsuite></testsuites>